<?xml version="1.0" encoding="UTF-8"?>
<testng-results ignored="0" total="1" passed="1" failed="0" skipped="0">
  <reporter-output>
  </reporter-output>
  <suite started-at="2025-03-02T11:36:57 CST" name="Baidu Test Suite" finished-at="2025-03-02T11:37:00 CST" duration-ms="2788">
    <groups>
    </groups>
    <test started-at="2025-03-02T11:36:57 CST" name="Edge Tests" finished-at="2025-03-02T11:37:00 CST" duration-ms="2788">
      <class name="tests.SearchTest">
        <test-method is-config="true" signature="setUp()[pri:0, instance:tests.SearchTest@647e447]" started-at="2025-03-02T11:36:57 CST" name="setUp" finished-at="2025-03-02T11:36:59 CST" duration-ms="1646" status="PASS">
          <reporter-output>
          </reporter-output>
        </test-method> <!-- setUp -->
        <test-method signature="testBasicSearchFunctionality()[pri:0, instance:tests.SearchTest@647e447]" started-at="2025-03-02T11:36:59 CST" name="testBasicSearchFunctionality" finished-at="2025-03-02T11:37:00 CST" duration-ms="914" status="PASS">
          <reporter-output>
          </reporter-output>
        </test-method> <!-- testBasicSearchFunctionality -->
        <test-method is-config="true" signature="tearDown()[pri:0, instance:tests.SearchTest@647e447]" started-at="2025-03-02T11:37:00 CST" name="tearDown" finished-at="2025-03-02T11:37:00 CST" duration-ms="191" status="PASS">
          <reporter-output>
          </reporter-output>
        </test-method> <!-- tearDown -->
      </class> <!-- tests.SearchTest -->
    </test> <!-- Edge Tests -->
  </suite> <!-- Baidu Test Suite -->
</testng-results>
